{"D:\\HACTIV8\\Final Project\\coffeepedia-server\\services\\articles\\app.js": {"path":"D:\\HACTIV8\\Final Project\\coffeepedia-server\\services\\articles\\app.js","statementMap":{"0":{"start":{"line":1,"column":0},"end":{"line":3,"column":1}},"1":{"start":{"line":2,"column":2},"end":{"line":2,"column":29}},"2":{"start":{"line":4,"column":0},"end":{"line":4,"column":27}},"3":{"start":{"line":5,"column":13},"end":{"line":5,"column":28}},"4":{"start":{"line":6,"column":21},"end":{"line":6,"column":57}},"5":{"start":{"line":7,"column":16},"end":{"line":7,"column":34}},"6":{"start":{"line":8,"column":23},"end":{"line":8,"column":56}},"7":{"start":{"line":9,"column":12},"end":{"line":9,"column":21}},"8":{"start":{"line":10,"column":13},"end":{"line":10,"column":29}},"9":{"start":{"line":11,"column":15},"end":{"line":11,"column":40}},"10":{"start":{"line":13,"column":0},"end":{"line":13,"column":16}},"11":{"start":{"line":14,"column":0},"end":{"line":14,"column":48}},"12":{"start":{"line":15,"column":0},"end":{"line":15,"column":24}},"13":{"start":{"line":17,"column":0},"end":{"line":17,"column":16}},"14":{"start":{"line":19,"column":0},"end":{"line":19,"column":22}},"15":{"start":{"line":21,"column":0},"end":{"line":21,"column":21}}},"fnMap":{},"branchMap":{"0":{"loc":{"start":{"line":1,"column":0},"end":{"line":3,"column":1}},"type":"if","locations":[{"start":{"line":1,"column":0},"end":{"line":3,"column":1}},{"start":{},"end":{}}],"line":1}},"s":{"0":1,"1":1,"2":1,"3":1,"4":1,"5":1,"6":1,"7":1,"8":1,"9":1,"10":1,"11":1,"12":1,"13":1,"14":1,"15":1},"f":{},"b":{"0":[1,0]},"_coverageSchema":"1a1c01bbd47fc00a2c39e90264f33305004495a9","hash":"b1275d40afadd572d437aa1d4feead44b5f594a3"}
,"D:\\HACTIV8\\Final Project\\coffeepedia-server\\services\\articles\\config\\connection.js": {"path":"D:\\HACTIV8\\Final Project\\coffeepedia-server\\services\\articles\\config\\connection.js","statementMap":{"0":{"start":{"line":1,"column":24},"end":{"line":1,"column":42}},"1":{"start":{"line":3,"column":10},"end":{"line":3,"column":12}},"2":{"start":{"line":5,"column":0},"end":{"line":9,"column":1}},"3":{"start":{"line":6,"column":2},"end":{"line":6,"column":30}},"4":{"start":{"line":8,"column":2},"end":{"line":8,"column":30}},"5":{"start":{"line":11,"column":15},"end":{"line":11,"column":35}},"6":{"start":{"line":15,"column":2},"end":{"line":20,"column":3}},"7":{"start":{"line":16,"column":4},"end":{"line":16,"column":27}},"8":{"start":{"line":17,"column":4},"end":{"line":17,"column":34}},"9":{"start":{"line":19,"column":4},"end":{"line":19,"column":73}},"10":{"start":{"line":24,"column":2},"end":{"line":24,"column":12}},"11":{"start":{"line":27,"column":0},"end":{"line":27,"column":47}}},"fnMap":{"0":{"name":"connection","decl":{"start":{"line":14,"column":15},"end":{"line":14,"column":25}},"loc":{"start":{"line":14,"column":28},"end":{"line":21,"column":1}},"line":14},"1":{"name":"getDB","decl":{"start":{"line":23,"column":9},"end":{"line":23,"column":14}},"loc":{"start":{"line":23,"column":17},"end":{"line":25,"column":1}},"line":23}},"branchMap":{"0":{"loc":{"start":{"line":5,"column":0},"end":{"line":9,"column":1}},"type":"if","locations":[{"start":{"line":5,"column":0},"end":{"line":9,"column":1}},{"start":{"line":7,"column":7},"end":{"line":9,"column":1}}],"line":5}},"s":{"0":1,"1":1,"2":1,"3":0,"4":1,"5":1,"6":1,"7":1,"8":1,"9":0,"10":5,"11":1},"f":{"0":1,"1":5},"b":{"0":[0,1]},"_coverageSchema":"1a1c01bbd47fc00a2c39e90264f33305004495a9","hash":"04de8e627aa7356d72f47c6fcb39e08fe4cadb08"}
,"D:\\HACTIV8\\Final Project\\coffeepedia-server\\services\\articles\\controllers\\ArticleController.js": {"path":"D:\\HACTIV8\\Final Project\\coffeepedia-server\\services\\articles\\controllers\\ArticleController.js","statementMap":{"0":{"start":{"line":1,"column":16},"end":{"line":1,"column":49}},"1":{"start":{"line":5,"column":8},"end":{"line":10,"column":9}},"2":{"start":{"line":6,"column":29},"end":{"line":6,"column":59}},"3":{"start":{"line":7,"column":12},"end":{"line":7,"column":42}},"4":{"start":{"line":9,"column":12},"end":{"line":9,"column":23}},"5":{"start":{"line":14,"column":8},"end":{"line":21,"column":9}},"6":{"start":{"line":15,"column":27},"end":{"line":15,"column":37}},"7":{"start":{"line":16,"column":29},"end":{"line":16,"column":62}},"8":{"start":{"line":17,"column":12},"end":{"line":17,"column":42}},"9":{"start":{"line":19,"column":12},"end":{"line":19,"column":39}},"10":{"start":{"line":20,"column":12},"end":{"line":20,"column":23}},"11":{"start":{"line":25,"column":8},"end":{"line":45,"column":9}},"12":{"start":{"line":33,"column":16},"end":{"line":33,"column":24}},"13":{"start":{"line":34,"column":12},"end":{"line":41,"column":14}},"14":{"start":{"line":42,"column":12},"end":{"line":42,"column":75}},"15":{"start":{"line":44,"column":12},"end":{"line":44,"column":23}},"16":{"start":{"line":49,"column":0},"end":{"line":49,"column":34}}},"fnMap":{"0":{"name":"(anonymous_0)","decl":{"start":{"line":4,"column":4},"end":{"line":4,"column":5}},"loc":{"start":{"line":4,"column":48},"end":{"line":11,"column":5}},"line":4},"1":{"name":"(anonymous_1)","decl":{"start":{"line":13,"column":4},"end":{"line":13,"column":5}},"loc":{"start":{"line":13,"column":49},"end":{"line":22,"column":5}},"line":13},"2":{"name":"(anonymous_2)","decl":{"start":{"line":24,"column":4},"end":{"line":24,"column":5}},"loc":{"start":{"line":24,"column":44},"end":{"line":46,"column":5}},"line":24}},"branchMap":{},"s":{"0":1,"1":3,"2":3,"3":2,"4":1,"5":2,"6":2,"7":2,"8":1,"9":1,"10":1,"11":2,"12":2,"13":2,"14":1,"15":1,"16":1},"f":{"0":3,"1":2,"2":2},"b":{},"_coverageSchema":"1a1c01bbd47fc00a2c39e90264f33305004495a9","hash":"dc1f3874733188c5993c5b1b18cb1e9b9d457a4c"}
,"D:\\HACTIV8\\Final Project\\coffeepedia-server\\services\\articles\\middleware\\errorHandler.js": {"path":"D:\\HACTIV8\\Final Project\\coffeepedia-server\\services\\articles\\middleware\\errorHandler.js","statementMap":{"0":{"start":{"line":1,"column":21},"end":{"line":10,"column":1}},"1":{"start":{"line":2,"column":4},"end":{"line":9,"column":5}},"2":{"start":{"line":4,"column":12},"end":{"line":4,"column":57}},"3":{"start":{"line":5,"column":12},"end":{"line":5,"column":18}},"4":{"start":{"line":7,"column":12},"end":{"line":7,"column":68}},"5":{"start":{"line":8,"column":12},"end":{"line":8,"column":17}},"6":{"start":{"line":12,"column":0},"end":{"line":12,"column":29}}},"fnMap":{"0":{"name":"(anonymous_0)","decl":{"start":{"line":1,"column":21},"end":{"line":1,"column":22}},"loc":{"start":{"line":1,"column":54},"end":{"line":10,"column":1}},"line":1}},"branchMap":{"0":{"loc":{"start":{"line":2,"column":4},"end":{"line":9,"column":5}},"type":"switch","locations":[{"start":{"line":3,"column":8},"end":{"line":5,"column":18}},{"start":{"line":6,"column":8},"end":{"line":8,"column":17}}],"line":2}},"s":{"0":1,"1":3,"2":1,"3":1,"4":2,"5":2,"6":1},"f":{"0":3},"b":{"0":[1,2]},"_coverageSchema":"1a1c01bbd47fc00a2c39e90264f33305004495a9","hash":"9de2ee6ba0e1552dc4c98cef41625d8d5cafa654"}
,"D:\\HACTIV8\\Final Project\\coffeepedia-server\\services\\articles\\models\\ModelArticle.js": {"path":"D:\\HACTIV8\\Final Project\\coffeepedia-server\\services\\articles\\models\\ModelArticle.js","statementMap":{"0":{"start":{"line":1,"column":18},"end":{"line":1,"column":49}},"1":{"start":{"line":2,"column":21},"end":{"line":2,"column":39}},"2":{"start":{"line":6,"column":25},"end":{"line":6,"column":32}},"3":{"start":{"line":7,"column":8},"end":{"line":7,"column":46}},"4":{"start":{"line":10,"column":8},"end":{"line":15,"column":9}},"5":{"start":{"line":11,"column":31},"end":{"line":11,"column":68}},"6":{"start":{"line":12,"column":12},"end":{"line":12,"column":29}},"7":{"start":{"line":14,"column":12},"end":{"line":14,"column":23}},"8":{"start":{"line":18,"column":8},"end":{"line":29,"column":9}},"9":{"start":{"line":19,"column":36},"end":{"line":21,"column":14}},"10":{"start":{"line":22,"column":12},"end":{"line":26,"column":13}},"11":{"start":{"line":23,"column":16},"end":{"line":23,"column":38}},"12":{"start":{"line":25,"column":16},"end":{"line":25,"column":46}},"13":{"start":{"line":28,"column":12},"end":{"line":28,"column":23}},"14":{"start":{"line":32,"column":8},"end":{"line":51,"column":9}},"15":{"start":{"line":40,"column":16},"end":{"line":40,"column":20}},"16":{"start":{"line":41,"column":12},"end":{"line":48,"column":14}},"17":{"start":{"line":50,"column":12},"end":{"line":50,"column":23}},"18":{"start":{"line":55,"column":0},"end":{"line":55,"column":24}}},"fnMap":{"0":{"name":"(anonymous_0)","decl":{"start":{"line":5,"column":4},"end":{"line":5,"column":5}},"loc":{"start":{"line":5,"column":21},"end":{"line":8,"column":5}},"line":5},"1":{"name":"(anonymous_1)","decl":{"start":{"line":9,"column":4},"end":{"line":9,"column":5}},"loc":{"start":{"line":9,"column":34},"end":{"line":16,"column":5}},"line":9},"2":{"name":"(anonymous_2)","decl":{"start":{"line":17,"column":4},"end":{"line":17,"column":5}},"loc":{"start":{"line":17,"column":37},"end":{"line":30,"column":5}},"line":17},"3":{"name":"(anonymous_3)","decl":{"start":{"line":31,"column":4},"end":{"line":31,"column":5}},"loc":{"start":{"line":31,"column":34},"end":{"line":52,"column":5}},"line":31}},"branchMap":{"0":{"loc":{"start":{"line":22,"column":12},"end":{"line":26,"column":13}},"type":"if","locations":[{"start":{"line":22,"column":12},"end":{"line":26,"column":13}},{"start":{"line":24,"column":19},"end":{"line":26,"column":13}}],"line":22}},"s":{"0":1,"1":1,"2":5,"3":5,"4":2,"5":2,"6":2,"7":0,"8":2,"9":2,"10":2,"11":1,"12":1,"13":1,"14":1,"15":1,"16":1,"17":0,"18":1},"f":{"0":5,"1":2,"2":2,"3":1},"b":{"0":[1,1]},"_coverageSchema":"1a1c01bbd47fc00a2c39e90264f33305004495a9","hash":"106bf8385290639ea8cc0c4f273107b20b65c1cf"}
,"D:\\HACTIV8\\Final Project\\coffeepedia-server\\services\\articles\\routes\\index.js": {"path":"D:\\HACTIV8\\Final Project\\coffeepedia-server\\services\\articles\\routes\\index.js","statementMap":{"0":{"start":{"line":1,"column":16},"end":{"line":1,"column":34}},"1":{"start":{"line":2,"column":15},"end":{"line":2,"column":31}},"2":{"start":{"line":3,"column":26},"end":{"line":3,"column":69}},"3":{"start":{"line":5,"column":0},"end":{"line":5,"column":58}},"4":{"start":{"line":6,"column":0},"end":{"line":6,"column":62}},"5":{"start":{"line":7,"column":0},"end":{"line":7,"column":50}},"6":{"start":{"line":9,"column":0},"end":{"line":9,"column":24}}},"fnMap":{},"branchMap":{},"s":{"0":1,"1":1,"2":1,"3":1,"4":1,"5":1,"6":1},"f":{},"b":{},"_coverageSchema":"1a1c01bbd47fc00a2c39e90264f33305004495a9","hash":"f815a918a3e281ce9154b612aafa7d9d073b83b7"}
}
