TN:
SF:app.js
FNF:0
FNH:0
DA:1,1
DA:2,1
DA:4,1
DA:5,1
DA:6,1
DA:7,1
DA:8,1
DA:9,1
DA:10,1
DA:11,1
DA:13,1
DA:14,1
DA:15,1
DA:17,1
DA:19,1
DA:21,1
LF:16
LH:16
BRDA:1,0,0,1
BRDA:1,0,1,0
BRF:2
BRH:1
end_of_record
TN:
SF:config\connection.js
FN:12,connection
FN:21,getDB
FNF:2
FNH:2
FNDA:1,connection
FNDA:4,getDB
DA:1,1
DA:3,1
DA:4,1
DA:5,0
DA:7,1
DA:9,1
DA:13,1
DA:14,1
DA:15,1
DA:17,0
DA:22,4
DA:25,1
LF:12
LH:10
BRDA:4,0,0,0
BRDA:4,0,1,1
BRF:2
BRH:1
end_of_record
TN:
SF:controllers\ArticleController.js
FN:4,(anonymous_0)
FN:16,(anonymous_1)
FN:30,(anonymous_2)
FNF:3
FNH:2
FNDA:2,(anonymous_0)
FNDA:2,(anonymous_1)
FNDA:0,(anonymous_2)
DA:1,1
DA:5,2
DA:6,2
DA:7,2
DA:8,0
DA:10,2
DA:12,0
DA:17,2
DA:18,2
DA:19,2
DA:20,2
DA:21,2
DA:23,0
DA:25,2
DA:26,2
DA:31,0
DA:32,0
DA:40,0
DA:41,0
DA:49,0
DA:51,0
DA:56,1
LF:22
LH:13
BRDA:7,0,0,0
BRDA:7,0,1,2
BRDA:20,1,0,2
BRDA:20,1,1,0
BRF:4
BRH:2
end_of_record
TN:
SF:middleware\errorHandler.js
FN:1,(anonymous_0)
FNF:1
FNH:1
FNDA:2,(anonymous_0)
DA:1,1
DA:2,2
DA:4,2
DA:5,2
DA:9,1
LF:5
LH:5
BRDA:2,0,0,2
BRF:1
BRH:1
end_of_record
TN:
SF:models\ModelArticle.js
FN:5,(anonymous_0)
FN:9,(anonymous_1)
FN:17,(anonymous_2)
FN:27,(anonymous_3)
FNF:4
FNH:3
FNDA:4,(anonymous_0)
FNDA:2,(anonymous_1)
FNDA:2,(anonymous_2)
FNDA:0,(anonymous_3)
DA:1,1
DA:2,1
DA:6,4
DA:7,4
DA:10,2
DA:11,2
DA:12,2
DA:14,0
DA:18,2
DA:19,2
DA:22,2
DA:24,0
DA:28,0
DA:36,0
DA:37,0
DA:46,0
DA:51,1
LF:17
LH:11
BRF:0
BRH:0
end_of_record
TN:
SF:routes\index.js
FNF:0
FNH:0
DA:1,1
DA:2,1
DA:3,1
DA:5,1
DA:6,1
DA:7,1
DA:9,1
LF:7
LH:7
BRF:0
BRH:0
end_of_record
